<?xml version="1.0" encoding="UTF-8"?>
<!-- Generated by org.testng.reporters.JUnitReportReporter -->
<testsuite hostname="LAPTOP-I43I8TK8" failures="0" tests="1" name="com.crm.vtiger.createContact.CreateContactsAndVerifyTest" time="53.046" errors="0" timestamp="2022-06-24T13:23:11 IST" skipped="0">
  <testcase classname="com.crm.vtiger.createContact.CreateContactsAndVerifyTest" name="createContactsAndVerifyTest" time="53.046"/>
  <system-out>
    <![CDATA[createContactsAndVerifyTest is pass]]>
  </system-out>
</testsuite> <!-- com.crm.vtiger.createContact.CreateContactsAndVerifyTest -->
